生成启动时间为 15/7/24 下午8:04:21。
     1>项目“W:\project\odinKitServer\code\server\tools\RobotPlus\RobotPlus.vcxproj”在节点 2 上(Build 个目标)。
     1>C:\Program Files (x86)\MSBuild\Microsoft.Cpp\v4.0\V120\Microsoft.CppBuild.targets(357,5): warning MSB8004: Output Directory does not end with a trailing slash.  This build instance will add the slash as it is required to allow proper evaluation of the Output Directory.
     1>InitializeBuildStatus:
         正在对“Debug\RobotPlus.tlog\unsuccessfulbuild”执行 Touch 任务。
       ClCompile:
         所有输出均为最新。
       Link:
         C:\Program Files (x86)\Microsoft Visual Studio 12.0\VC\bin\link.exe /ERRORREPORT:PROMPT /OUT:".\bin\RobotPlus.exe" /INCREMENTAL /NOLOGO /LIBPATH:.\bin /LIBPATH:..\..\libs /LIBPATH:..\..\external\lua\lib libprotobufD.lib libsharedD.lib luaD.lib kernel32.lib user32.lib gdi32.lib winspool.lib comdlg32.lib advapi32.lib shell32.lib ole32.lib oleaut32.lib uuid.lib odbc32.lib odbccp32.lib /MANIFEST /MANIFESTUAC:"level='asInvoker' uiAccess='false'" /manifest:embed /DEBUG /PDB:".\bin\RobotPlus.pdb" /SUBSYSTEM:CONSOLE /TLBID:1 /DYNAMICBASE /NXCOMPAT /IMPLIB:".\bin\RobotPlus.lib" /MACHINE:X86 /SAFESEH Debug\MessageCommon.pb.obj
         Debug\MessageDebug.pb.obj
         Debug\MessageGameobj.pb.obj
         Debug\MessagePlayer.pb.obj
         Debug\MessageServer.pb.obj
         Debug\MessageTypeDefine.pb.obj
         Debug\MessageUser.pb.obj
         Debug\LuaFunc.obj
         Debug\RobotNet.obj
         Debug\RobotObj.obj
         Debug\RobotPlus.obj
         Debug\RobotUnit.obj
         Debug\stdafx.obj
         W:\project\odinKitServer\code\server\libs\libsharedD.lib
         {{xgTaskID=00000008}}
     1>MessageCommon.pb.obj : warning LNK4075: 忽略“/EDITANDCONTINUE”(由于“/SAFESEH”规范)
     1>libprotobufD.lib(common.obj) : fatal error LNK1112: 模块计算机类型“x64”与目标计算机类型“X86”冲突
         {{xgTaskID=00000000}}
     1>已完成生成项目“W:\project\odinKitServer\code\server\tools\RobotPlus\RobotPlus.vcxproj”(Build 个目标)的操作 - 失败。

生成失败。

已用时间 00:00:01.97
